2022-01-07 13:51:34,418 WeatherLogger.TesterWeatherLogger :: DEBUG : Initialize TestCase...
2022-01-07 13:51:34,418 WeatherLogger.TesterWeatherLogger :: INFO : Start testing module Weather...
2022-01-07 13:51:34,418 WeatherLogger.TesterWeatherLogger :: INFO : Checking the testing system ...
2022-01-07 13:51:34,418 WeatherLogger.TesterWeatherLogger :: INFO : The testing system has been verified!
2022-01-07 13:51:34,418 WeatherLogger.TesterWeatherLogger :: INFO : Checking for incorrect data entry ...
2022-01-07 13:51:34,418 WeatherLogger.TesterWeatherLogger :: INFO : Checking for incorrect city entry ...
2022-01-07 13:51:34,430 WeatherLogger.WorkLogger :: INFO : Try to get current weather by name of the city, language and date...
2022-01-07 13:51:34,430 WeatherLogger.WorkLogger :: INFO : Initialize API for openweathermap.org...
2022-01-07 13:51:34,430 WeatherLogger.WorkLogger :: INFO : Start work with openweathermap.org...
2022-01-07 13:51:34,430 WeatherLogger.WorkLogger :: INFO : Try to get data from the openweathermap.org...
2022-01-07 13:51:34,766 WeatherLogger.WorkLogger :: ERROR : The empty answer from openweathermap.org!
2022-01-07 13:51:34,766 WeatherLogger.TesterWeatherLogger :: INFO : No errors found!
2022-01-07 13:51:34,766 WeatherLogger.TesterWeatherLogger :: INFO : Checking for incorrect language entry ...
2022-01-07 13:51:34,766 WeatherLogger.WorkLogger :: INFO : Try to get current weather by name of the city, language and date...
2022-01-07 13:51:34,766 WeatherLogger.WorkLogger :: INFO : Initialize API for openweathermap.org...
2022-01-07 13:51:34,766 WeatherLogger.WorkLogger :: INFO : Start work with openweathermap.org...
2022-01-07 13:51:34,766 WeatherLogger.WorkLogger :: INFO : Try to get data from the openweathermap.org...
2022-01-07 13:51:35,166 WeatherLogger.WorkLogger :: ERROR : The empty answer from openweathermap.org!
2022-01-07 13:51:35,166 WeatherLogger.TesterWeatherLogger :: INFO : No errors found!
2022-01-07 13:51:35,166 WeatherLogger.TesterWeatherLogger :: INFO : Checking for incorrect date entry ...
2022-01-07 13:51:35,166 WeatherLogger.WorkLogger :: INFO : Try to get current weather by name of the city, language and date...
2022-01-07 13:51:35,166 WeatherLogger.WorkLogger :: INFO : Initialize API for openweathermap.org...
2022-01-07 13:51:35,166 WeatherLogger.WorkLogger :: INFO : Start work with openweathermap.org...
2022-01-07 13:51:35,166 WeatherLogger.WorkLogger :: INFO : Try to get data from the openweathermap.org...
2022-01-07 13:51:35,682 WeatherLogger.WorkLogger :: ERROR : The empty answer from openweathermap.org!
2022-01-07 13:51:35,682 WeatherLogger.TesterWeatherLogger :: INFO : No errors found!
2022-01-07 13:51:35,682 WeatherLogger.TesterWeatherLogger :: INFO : Checking for empty data entry ...
2022-01-07 13:51:35,697 WeatherLogger.TesterWeatherLogger :: INFO : Checking for empty city entry ...
2022-01-07 13:51:35,697 WeatherLogger.WorkLogger :: INFO : Try to get current weather by name of the city, language and date...
2022-01-07 13:51:35,697 WeatherLogger.WorkLogger :: INFO : Initialize API for openweathermap.org...
2022-01-07 13:51:35,697 WeatherLogger.WorkLogger :: INFO : Start work with openweathermap.org...
2022-01-07 13:51:35,697 WeatherLogger.WorkLogger :: INFO : Try to get data from the openweathermap.org...
2022-01-07 13:51:35,917 WeatherLogger.WorkLogger :: ERROR : The empty answer from openweathermap.org!
2022-01-07 13:51:35,918 WeatherLogger.TesterWeatherLogger :: INFO : No errors found!
2022-01-07 13:51:35,918 WeatherLogger.TesterWeatherLogger :: INFO : Checking for empty language entry ...
2022-01-07 13:51:35,918 WeatherLogger.WorkLogger :: INFO : Try to get current weather by name of the city, language and date...
2022-01-07 13:51:35,918 WeatherLogger.WorkLogger :: INFO : Initialize API for openweathermap.org...
2022-01-07 13:51:35,918 WeatherLogger.WorkLogger :: INFO : Start work with openweathermap.org...
2022-01-07 13:51:35,918 WeatherLogger.WorkLogger :: INFO : Try to get data from the openweathermap.org...
2022-01-07 13:51:36,189 WeatherLogger.WorkLogger :: ERROR : The empty answer from openweathermap.org!
2022-01-07 13:51:36,189 WeatherLogger.TesterWeatherLogger :: INFO : No errors found!
2022-01-07 13:51:36,189 WeatherLogger.TesterWeatherLogger :: INFO : Checking for empty date entry ...
2022-01-07 13:51:36,189 WeatherLogger.WorkLogger :: INFO : Try to get current weather by name of the city, language and date...
2022-01-07 13:51:36,189 WeatherLogger.WorkLogger :: INFO : Initialize API for openweathermap.org...
2022-01-07 13:51:36,189 WeatherLogger.WorkLogger :: INFO : Start work with openweathermap.org...
2022-01-07 13:51:36,189 WeatherLogger.WorkLogger :: INFO : Try to get data from the openweathermap.org...
2022-01-07 13:51:36,486 WeatherLogger.WorkLogger :: ERROR : The empty answer from openweathermap.org!
2022-01-07 13:51:36,486 WeatherLogger.TesterWeatherLogger :: INFO : No errors found!
2022-01-07 13:51:36,486 WeatherLogger.TesterWeatherLogger :: INFO : Checking for another function empty city entry ...
2022-01-07 13:51:36,486 WeatherLogger.WorkLogger :: INFO : Try to get current weather by name of the city and language...
2022-01-07 13:51:36,486 WeatherLogger.WorkLogger :: INFO : Initialize API for openweathermap.org...
2022-01-07 13:51:36,486 WeatherLogger.WorkLogger :: INFO : Start work with openweathermap.org...
2022-01-07 13:51:36,486 WeatherLogger.WorkLogger :: INFO : Try to get data from the openweathermap.org...
2022-01-07 13:51:36,673 WeatherLogger.WorkLogger :: ERROR : The empty answer from openweathermap.org!
2022-01-07 13:51:36,673 WeatherLogger.TesterWeatherLogger :: INFO : No errors found!
2022-01-07 13:51:36,673 WeatherLogger.TesterWeatherLogger :: INFO : Checking for another function empty language entry ...
2022-01-07 13:51:36,673 WeatherLogger.WorkLogger :: INFO : Try to get current weather by name of the city and language...
2022-01-07 13:51:36,673 WeatherLogger.WorkLogger :: INFO : Initialize API for openweathermap.org...
2022-01-07 13:51:36,673 WeatherLogger.WorkLogger :: INFO : Start work with openweathermap.org...
2022-01-07 13:51:36,673 WeatherLogger.WorkLogger :: INFO : Try to get data from the openweathermap.org...
2022-01-07 13:51:36,861 WeatherLogger.WorkLogger :: ERROR : The empty answer from openweathermap.org!
2022-01-07 13:51:36,861 WeatherLogger.TesterWeatherLogger :: INFO : No errors found!
2022-01-07 13:51:36,861 WeatherLogger.TesterWeatherLogger :: INFO : All test passed!
2022-01-07 13:51:36,861 WeatherLogger.TesterWeatherLogger :: DEBUG : Initialize TestCase...
2022-01-07 13:51:36,861 WeatherLogger.TesterWeatherLogger :: INFO : Start testing module Weather...
2022-01-07 13:51:36,861 WeatherLogger.TesterWeatherLogger :: INFO : Checking the testing system ...
2022-01-07 13:51:36,861 WeatherLogger.TesterWeatherLogger :: INFO : The testing system has been verified!
2022-01-07 13:51:36,861 WeatherLogger.TesterWeatherLogger :: INFO : Checking for incorrect data entry ...
2022-01-07 13:51:36,861 WeatherLogger.TesterWeatherLogger :: INFO : Checking for incorrect city entry ...
2022-01-07 13:51:36,861 WeatherLogger.WorkLogger :: INFO : Try to get current weather by name of the city, language and date...
2022-01-07 13:51:36,861 WeatherLogger.WorkLogger :: INFO : Initialize API for openweathermap.org...
2022-01-07 13:51:36,861 WeatherLogger.WorkLogger :: INFO : Start work with openweathermap.org...
2022-01-07 13:51:36,861 WeatherLogger.WorkLogger :: INFO : Try to get data from the openweathermap.org...
2022-01-07 13:51:37,069 WeatherLogger.WorkLogger :: ERROR : The empty answer from openweathermap.org!
2022-01-07 13:51:37,069 WeatherLogger.TesterWeatherLogger :: INFO : No errors found!
2022-01-07 13:51:37,069 WeatherLogger.TesterWeatherLogger :: INFO : Checking for incorrect language entry ...
2022-01-07 13:51:37,069 WeatherLogger.WorkLogger :: INFO : Try to get current weather by name of the city, language and date...
2022-01-07 13:51:37,069 WeatherLogger.WorkLogger :: INFO : Initialize API for openweathermap.org...
2022-01-07 13:51:37,069 WeatherLogger.WorkLogger :: INFO : Start work with openweathermap.org...
2022-01-07 13:51:37,069 WeatherLogger.WorkLogger :: INFO : Try to get data from the openweathermap.org...
2022-01-07 13:51:37,328 WeatherLogger.WorkLogger :: ERROR : The empty answer from openweathermap.org!
2022-01-07 13:51:37,328 WeatherLogger.TesterWeatherLogger :: INFO : No errors found!
2022-01-07 13:51:37,328 WeatherLogger.TesterWeatherLogger :: INFO : Checking for incorrect date entry ...
2022-01-07 13:51:37,328 WeatherLogger.WorkLogger :: INFO : Try to get current weather by name of the city, language and date...
2022-01-07 13:51:37,328 WeatherLogger.WorkLogger :: INFO : Initialize API for openweathermap.org...
2022-01-07 13:51:37,328 WeatherLogger.WorkLogger :: INFO : Start work with openweathermap.org...
2022-01-07 13:51:37,328 WeatherLogger.WorkLogger :: INFO : Try to get data from the openweathermap.org...
2022-01-07 13:51:37,564 WeatherLogger.WorkLogger :: ERROR : The empty answer from openweathermap.org!
2022-01-07 13:51:37,564 WeatherLogger.TesterWeatherLogger :: INFO : No errors found!
2022-01-07 13:51:37,564 WeatherLogger.TesterWeatherLogger :: INFO : Checking for empty data entry ...
2022-01-07 13:51:37,564 WeatherLogger.TesterWeatherLogger :: INFO : Checking for empty city entry ...
2022-01-07 13:51:37,564 WeatherLogger.WorkLogger :: INFO : Try to get current weather by name of the city, language and date...
2022-01-07 13:51:37,564 WeatherLogger.WorkLogger :: INFO : Initialize API for openweathermap.org...
2022-01-07 13:51:37,564 WeatherLogger.WorkLogger :: INFO : Start work with openweathermap.org...
2022-01-07 13:51:37,564 WeatherLogger.WorkLogger :: INFO : Try to get data from the openweathermap.org...
2022-01-07 13:51:37,752 WeatherLogger.WorkLogger :: ERROR : The empty answer from openweathermap.org!
2022-01-07 13:51:37,752 WeatherLogger.TesterWeatherLogger :: INFO : No errors found!
2022-01-07 13:51:37,752 WeatherLogger.TesterWeatherLogger :: INFO : Checking for empty language entry ...
2022-01-07 13:51:37,752 WeatherLogger.WorkLogger :: INFO : Try to get current weather by name of the city, language and date...
2022-01-07 13:51:37,752 WeatherLogger.WorkLogger :: INFO : Initialize API for openweathermap.org...
2022-01-07 13:51:37,752 WeatherLogger.WorkLogger :: INFO : Start work with openweathermap.org...
2022-01-07 13:51:37,752 WeatherLogger.WorkLogger :: INFO : Try to get data from the openweathermap.org...
2022-01-07 13:51:38,017 WeatherLogger.WorkLogger :: ERROR : The empty answer from openweathermap.org!
2022-01-07 13:51:38,017 WeatherLogger.TesterWeatherLogger :: INFO : No errors found!
2022-01-07 13:51:38,017 WeatherLogger.TesterWeatherLogger :: INFO : Checking for empty date entry ...
2022-01-07 13:51:38,017 WeatherLogger.WorkLogger :: INFO : Try to get current weather by name of the city, language and date...
2022-01-07 13:51:38,017 WeatherLogger.WorkLogger :: INFO : Initialize API for openweathermap.org...
2022-01-07 13:51:38,017 WeatherLogger.WorkLogger :: INFO : Start work with openweathermap.org...
2022-01-07 13:51:38,017 WeatherLogger.WorkLogger :: INFO : Try to get data from the openweathermap.org...
2022-01-07 13:51:38,283 WeatherLogger.WorkLogger :: ERROR : The empty answer from openweathermap.org!
2022-01-07 13:51:38,283 WeatherLogger.TesterWeatherLogger :: INFO : No errors found!
2022-01-07 13:51:38,283 WeatherLogger.TesterWeatherLogger :: INFO : Checking for another function empty city entry ...
2022-01-07 13:51:38,283 WeatherLogger.WorkLogger :: INFO : Try to get current weather by name of the city and language...
2022-01-07 13:51:38,283 WeatherLogger.WorkLogger :: INFO : Initialize API for openweathermap.org...
2022-01-07 13:51:38,283 WeatherLogger.WorkLogger :: INFO : Start work with openweathermap.org...
2022-01-07 13:51:38,283 WeatherLogger.WorkLogger :: INFO : Try to get data from the openweathermap.org...
2022-01-07 13:51:38,501 WeatherLogger.WorkLogger :: ERROR : The empty answer from openweathermap.org!
2022-01-07 13:51:38,501 WeatherLogger.TesterWeatherLogger :: INFO : No errors found!
2022-01-07 13:51:38,501 WeatherLogger.TesterWeatherLogger :: INFO : Checking for another function empty language entry ...
2022-01-07 13:51:38,501 WeatherLogger.WorkLogger :: INFO : Try to get current weather by name of the city and language...
2022-01-07 13:51:38,501 WeatherLogger.WorkLogger :: INFO : Initialize API for openweathermap.org...
2022-01-07 13:51:38,501 WeatherLogger.WorkLogger :: INFO : Start work with openweathermap.org...
2022-01-07 13:51:38,501 WeatherLogger.WorkLogger :: INFO : Try to get data from the openweathermap.org...
2022-01-07 13:51:38,674 WeatherLogger.WorkLogger :: ERROR : The empty answer from openweathermap.org!
2022-01-07 13:51:38,682 WeatherLogger.TesterWeatherLogger :: INFO : No errors found!
2022-01-07 13:51:38,682 WeatherLogger.TesterWeatherLogger :: INFO : All test passed!
